2026-01-27T07:00:09.485Z - POST /api/auth/login - Auth Header: undefined
2026-01-27T07:00:18.047Z - POST /api/auth/login - Auth Header: undefined
2026-01-27T07:00:18.087Z - GET /api/books - Auth Header: undefined
2026-01-27T07:00:18.092Z - GET /api/books - Auth Header: undefined
2026-01-27T07:00:21.097Z - GET /api/books - Auth Header: undefined
2026-01-27T07:01:06.178Z - POST /api/books - Auth Header: Bearer eyJhbGciOiJIUzI1NiIsInR5cCI6IkpXVCJ9.eyJ1c2VySWQiOiI2OTc4NGI3NWVhODVmZGVmMTQyNWMzYzkiLCJpYXQiOjE3Njk0OTcyMTgsImV4cCI6MTc3MDM2MTIxOH0.HnHIJPT3gD1Kihf5_3TJVdVO2jEmu3Qw4ltavxQZFSg
2026-01-27T07:01:10.847Z - GET /api/books - Auth Header: undefined
2026-01-27T07:01:16.885Z - GET /api/books - Auth Header: undefined
2026-01-27T07:01:16.893Z - GET /api/books - Auth Header: undefined
2026-01-27T07:01:22.989Z - GET /api/books - Auth Header: undefined
2026-01-27T07:01:22.995Z - GET /api/books - Auth Header: undefined
2026-01-27T07:01:25.802Z - GET /api/books - Auth Header: undefined
2026-01-27T07:03:01.800Z - POST /api/books - Auth Header: Bearer eyJhbGciOiJIUzI1NiIsInR5cCI6IkpXVCJ9.eyJ1c2VySWQiOiI2OTc4NGI3NWVhODVmZGVmMTQyNWMzYzkiLCJpYXQiOjE3Njk0OTcyMTgsImV4cCI6MTc3MDM2MTIxOH0.HnHIJPT3gD1Kihf5_3TJVdVO2jEmu3Qw4ltavxQZFSg
2026-01-27T07:03:05.398Z - GET /api/books - Auth Header: undefined
2026-01-27T07:03:35.656Z - DELETE /api/books/69786325b06a9effaf4982e0 - Auth Header: Bearer eyJhbGciOiJIUzI1NiIsInR5cCI6IkpXVCJ9.eyJ1c2VySWQiOiI2OTc4NGI3NWVhODVmZGVmMTQyNWMzYzkiLCJpYXQiOjE3Njk0OTcyMTgsImV4cCI6MTc3MDM2MTIxOH0.HnHIJPT3gD1Kihf5_3TJVdVO2jEmu3Qw4ltavxQZFSg
2026-01-27T07:03:35.689Z - GET /api/books - Auth Header: undefined
2026-01-27T07:04:11.431Z - POST /api/books - Auth Header: Bearer eyJhbGciOiJIUzI1NiIsInR5cCI6IkpXVCJ9.eyJ1c2VySWQiOiI2OTc4NGI3NWVhODVmZGVmMTQyNWMzYzkiLCJpYXQiOjE3Njk0OTcyMTgsImV4cCI6MTc3MDM2MTIxOH0.HnHIJPT3gD1Kihf5_3TJVdVO2jEmu3Qw4ltavxQZFSg
2026-01-27T07:04:12.856Z - GET /api/books - Auth Header: undefined
2026-01-27T07:04:17.005Z - GET /api/books - Auth Header: undefined
2026-01-27T07:04:17.013Z - GET /api/books - Auth Header: undefined
2026-01-27T07:04:46.044Z - POST /api/orders - Auth Header: Bearer eyJhbGciOiJIUzI1NiIsInR5cCI6IkpXVCJ9.eyJ1c2VySWQiOiI2OTc4NGI3NWVhODVmZGVmMTQyNWMzYzkiLCJpYXQiOjE3Njk0OTcyMTgsImV4cCI6MTc3MDM2MTIxOH0.HnHIJPT3gD1Kihf5_3TJVdVO2jEmu3Qw4ltavxQZFSg
2026-01-27T07:04:49.406Z - POST /api/orders - Auth Header: Bearer eyJhbGciOiJIUzI1NiIsInR5cCI6IkpXVCJ9.eyJ1c2VySWQiOiI2OTc4NGI3NWVhODVmZGVmMTQyNWMzYzkiLCJpYXQiOjE3Njk0OTcyMTgsImV4cCI6MTc3MDM2MTIxOH0.HnHIJPT3gD1Kihf5_3TJVdVO2jEmu3Qw4ltavxQZFSg
2026-01-27T07:05:08.313Z - GET /api/books - Auth Header: undefined
2026-01-27T07:05:08.321Z - GET /api/books - Auth Header: undefined
2026-01-27T07:06:27.636Z - GET /api/books - Auth Header: undefined
2026-01-27T07:06:27.642Z - GET /api/books - Auth Header: undefined
2026-01-27T07:06:33.517Z - GET /api/books - Auth Header: undefined
2026-01-27T07:06:35.719Z - GET /api/books - Auth Header: undefined
2026-01-27T07:06:46.623Z - GET /api/books - Auth Header: undefined
2026-01-27T07:06:46.627Z - GET /api/books - Auth Header: undefined
